c:\users\vladi\desktop\mydll\mydll\x64\debug\mydll.pch
c:\users\vladi\desktop\mydll\mydll\x64\debug\vc141.pdb
c:\users\vladi\desktop\mydll\mydll\x64\debug\vc141.idb
c:\users\vladi\desktop\mydll\mydll\x64\debug\stdafx.obj
c:\users\vladi\desktop\mydll\mydll\x64\debug\dllmain.obj
c:\users\vladi\desktop\mydll\mydll\x64\debug\mydll.obj
c:\users\vladi\desktop\consoleapplication4\x64\debug\mydll.ilk
c:\users\vladi\desktop\consoleapplication4\x64\debug\mydll.dll
c:\users\vladi\desktop\consoleapplication4\x64\debug\mydll.pdb
c:\users\vladi\desktop\consoleapplication4\x64\debug\mydll.lib
c:\users\vladi\desktop\consoleapplication4\x64\debug\mydll.exp
c:\users\vladi\desktop\consoleapplication4 — копия\x64\debug\mydll.pdb
c:\users\vladi\desktop\consoleapplication4 — копия\x64\debug\mydll.dll
c:\users\vladi\desktop\consoleapplication4 — копия\x64\debug\mydll.ilk
c:\users\vladi\desktop\mydll\mydll\x64\debug\mydll.tlog\cl.command.1.tlog
c:\users\vladi\desktop\mydll\mydll\x64\debug\mydll.tlog\cl.read.1.tlog
c:\users\vladi\desktop\mydll\mydll\x64\debug\mydll.tlog\cl.write.1.tlog
c:\users\vladi\desktop\mydll\mydll\x64\debug\mydll.tlog\link.command.1.tlog
c:\users\vladi\desktop\mydll\mydll\x64\debug\mydll.tlog\link.read.1.tlog
c:\users\vladi\desktop\mydll\mydll\x64\debug\mydll.tlog\link.write.1.tlog
c:\users\vladi\desktop\mydll\mydll\x64\debug\mydll.tlog\mydll.write.1u.tlog
